<?xml version="1.0" encoding="UTF-8"?>
<!-- Generated by org.testng.reporters.JUnitReportReporter -->
<testsuite hostname="Umagowtham" failures="0" tests="5" name="org.parallel.Sample1" time="0.030" errors="0" timestamp="09 Apr 2021 05:28:53 GMT" skipped="0">
  <testcase classname="org.parallel.Sample1" name="tc21" time="0.004"/>
  <testcase classname="org.parallel.Sample1" name="tc10" time="0.008"/>
  <testcase classname="org.parallel.Sample1" name="tc11" time="0.007"/>
  <testcase classname="org.parallel.Sample1" name="tc41" time="0.009"/>
  <testcase classname="org.parallel.Sample1" name="tc31" time="0.002"/>
</testsuite> <!-- org.parallel.Sample1 -->
