<?xml version="1.0" encoding="UTF-8"?>
<!-- Generated by org.testng.reporters.JUnitReportReporter -->
<testsuite hostname="Umagowtham" failures="0" tests="3" name="org.extent.TravelBooking" time="1.326" errors="0" timestamp="11 Apr 2021 06:02:41 GMT" skipped="0">
  <testcase classname="org.extent.TravelBooking" name="bsecpage" time="1.070"/>
  <testcase classname="org.extent.TravelBooking" name="aFirstpage" time="0.050"/>
  <testcase classname="org.extent.TravelBooking" name="flights" time="0.206"/>
</testsuite> <!-- org.extent.TravelBooking -->
