<?xml version="1.0" encoding="UTF-8"?>
<!-- Generated by org.testng.reporters.JUnitReportReporter -->
<testsuite hostname="Umagowtham" failures="0" tests="5" name="org.parallel.ParallelExecution" time="0.070" errors="0" timestamp="09 Apr 2021 05:28:53 GMT" skipped="0">
  <testcase classname="org.parallel.ParallelExecution" name="tc2" time="0.014"/>
  <testcase classname="org.parallel.ParallelExecution" name="tc4" time="0.014"/>
  <testcase classname="org.parallel.ParallelExecution" name="tc1" time="0.014"/>
  <testcase classname="org.parallel.ParallelExecution" name="tc0" time="0.014"/>
  <testcase classname="org.parallel.ParallelExecution" name="tc3" time="0.014"/>
</testsuite> <!-- org.parallel.ParallelExecution -->
