<?xml version="1.0" encoding="UTF-8"?>
<!-- Generated by org.testng.reporters.JUnitReportReporter -->
<testsuite hostname="Umagowtham" failures="0" tests="6" name="org.test.Ntest" time="0.013" errors="0" timestamp="05 Apr 2021 05:38:13 GMT" skipped="1">
  <testcase classname="org.test.Ntest" name="test2" time="0.010"/>
  <testcase classname="org.test.Ntest" name="test2" time="0.001"/>
  <testcase classname="org.test.Ntest" name="test4" time="0.001"/>
  <testcase classname="org.test.Ntest" name="test3" time="0.001"/>
  <testcase classname="org.test.Ntest" name="test5" time="0.000"/>
  <testcase classname="org.test.Ntest" name="test1">
    <skipped/>
  </testcase> <!-- test1 -->
</testsuite> <!-- org.test.Ntest -->
