<?xml version="1.0" encoding="UTF-8"?>
<!-- Generated by org.testng.reporters.JUnitReportReporter -->
<testsuite hostname="Umagowtham" failures="0" tests="1" name="org.test.TestNg" time="0.005" errors="0" timestamp="07 Apr 2021 05:30:01 GMT" skipped="0">
  <testcase classname="org.test.TestNg" name="afterClass" time="0.005"/>
</testsuite> <!-- org.test.TestNg -->
