<?xml version="1.0" encoding="UTF-8"?>
<!-- Generated by org.testng.reporters.JUnitReportReporter -->
<testsuite hostname="Umagowtham" failures="0" tests="3" name="org.unit.Provider" time="16.330" errors="0" timestamp="09 Apr 2021 07:17:24 GMT" skipped="0">
  <testcase classname="org.unit.Provider" name="tc0" time="5.400"/>
  <testcase classname="org.unit.Provider" name="tc0" time="5.301"/>
  <testcase classname="org.unit.Provider" name="tc0" time="5.629"/>
</testsuite> <!-- org.unit.Provider -->
