<?xml version="1.0" encoding="UTF-8"?>
<!-- Generated by org.testng.reporters.JUnitReportReporter -->
<testsuite hostname="Umagowtham" failures="0" tests="5" name="org.parallel.Sample2" time="0.022" errors="0" timestamp="09 Apr 2021 05:28:53 GMT" skipped="0">
  <testcase classname="org.parallel.Sample2" name="tc02" time="0.007"/>
  <testcase classname="org.parallel.Sample2" name="tc22" time="0.002"/>
  <testcase classname="org.parallel.Sample2" name="tc12" time="0.003"/>
  <testcase classname="org.parallel.Sample2" name="tc42" time="0.007"/>
  <testcase classname="org.parallel.Sample2" name="tc32" time="0.003"/>
</testsuite> <!-- org.parallel.Sample2 -->
