<?xml version="1.0" encoding="UTF-8"?>
<!-- Generated by org.testng.reporters.JUnitReportReporter -->
<testsuite hostname="Umagowtham" failures="0" tests="4" name="org.group.Smoke" time="0.011" errors="0" timestamp="09 Apr 2021 05:59:53 GMT" skipped="0">
  <testcase classname="org.group.Smoke" name="tc0" time="0.008"/>
  <testcase classname="org.group.Smoke" name="tc1" time="0.001"/>
  <testcase classname="org.group.Smoke" name="tc4" time="0.001"/>
  <testcase classname="org.group.Smoke" name="tc2" time="0.001"/>
</testsuite> <!-- org.group.Smoke -->
