<?xml version="1.0" encoding="UTF-8"?>
<!-- Generated by org.testng.reporters.JUnitReportReporter -->
<testsuite hostname="Umagowtham" failures="0" tests="4" name="org.test.HotelTestNg" time="5.888" errors="0" timestamp="08 Apr 2021 05:38:01 GMT" skipped="0">
  <testcase classname="org.test.HotelTestNg" name="tc1" time="1.730"/>
  <testcase classname="org.test.HotelTestNg" name="tc2" time="1.240"/>
  <testcase classname="org.test.HotelTestNg" name="tc0" time="1.618"/>
  <testcase classname="org.test.HotelTestNg" name="tc3" time="1.300"/>
</testsuite> <!-- org.test.HotelTestNg -->
